This is pdfTeX, Version 3.14159265-2.6-1.40.21 (MiKTeX 20.11) (preloaded format=pdflatex 2020.11.22)  23 SEP 2021 23:16
entering extended mode
**./mainThesis.tex
(mainThesis.tex
LaTeX2e <2020-10-01> patch level 2
L3 programming layer <2020-10-27> xparse <2020-03-03>
("C:\Program Files\MiKTeX\tex/latex/base\report.cls"
Document Class: report 2020/04/10 v1.4m Standard LaTeX document class
("C:\Program Files\MiKTeX\tex/latex/base\size11.clo"
File: size11.clo 2020/04/10 v1.4m Standard LaTeX file (size option)
)
\c@part=\count175
\c@chapter=\count176
\c@section=\count177
\c@subsection=\count178
\c@subsubsection=\count179
\c@paragraph=\count180
\c@subparagraph=\count181
\c@figure=\count182
\c@table=\count183
\abovecaptionskip=\skip47
\belowcaptionskip=\skip48
\bibindent=\dimen138
)
("C:\Users\Suraj K. Maurya\AppData\Roaming\MiKTeX\tex/latex/geometry\geometry.s
ty"
Package: geometry 2020/01/02 v5.9 Page Geometry
 ("C:\Program Files\MiKTeX\tex/latex/graphics\keyval.sty"
Package: keyval 2014/10/28 v1.15 key=value parser (DPC)
\KV@toks@=\toks15
)
("C:\Program Files\MiKTeX\tex/generic/iftex\ifvtex.sty"
Package: ifvtex 2019/10/25 v1.7 ifvtex legacy package. Use iftex instead.

("C:\Program Files\MiKTeX\tex/generic/iftex\iftex.sty"
Package: iftex 2020/03/06 v1.0d TeX engine tests
))
\Gm@cnth=\count184
\Gm@cntv=\count185
\c@Gm@tempcnt=\count186
\Gm@bindingoffset=\dimen139
\Gm@wd@mp=\dimen140
\Gm@odd@mp=\dimen141
\Gm@even@mp=\dimen142
\Gm@layoutwidth=\dimen143
\Gm@layoutheight=\dimen144
\Gm@layouthoffset=\dimen145
\Gm@layoutvoffset=\dimen146
\Gm@dimlist=\toks16

("C:\Users\Suraj K. Maurya\AppData\Roaming\MiKTeX\tex/latex/geometry\geometry.c
fg"))
("C:\Users\Suraj K. Maurya\AppData\Roaming\MiKTeX\tex/latex/import\import.sty"
Package: import 2020/04/01  v 6.2
) ("C:\Program Files\MiKTeX\tex/generic/babel\babel.sty"
Package: babel 2020/10/27 3.51 The Babel package

("C:\Program Files\MiKTeX\tex/generic/babel\babel.def"
File: babel.def 2020/10/27 3.51 Babel common definitions
\babel@savecnt=\count187
\U@D=\dimen147
\l@babelnohyphens=\language79

("C:\Program Files\MiKTeX\tex/generic/babel\txtbabel.def")
\bbl@readstream=\read2
)
\bbl@dirlevel=\count188

*************************************
* Local config file bblopts.cfg used
*
("C:\Program Files\MiKTeX\tex/latex/arabi\bblopts.cfg"
File: bblopts.cfg 2005/09/08 v0.1 add Arabic and Farsi to "declared" options of
 babel
)
("C:\Program Files\MiKTeX\tex/latex/babel-english\english.ldf"
Language: english 2017/06/06 v3.3r English support from the babel system
Package babel Info: \l@canadian = using hyphenrules for english
(babel)             (\language0) on input line 102.
Package babel Info: \l@australian = using hyphenrules for ukenglish
(babel)             (\language73) on input line 105.
Package babel Info: \l@newzealand = using hyphenrules for ukenglish
(babel)             (\language73) on input line 108.
))
("C:\Users\Suraj K. Maurya\AppData\Roaming\MiKTeX\tex/latex/float\float.sty"
Package: float 2001/11/08 v1.3d Float enhancements (AL)
\c@float@type=\count189
\float@exts=\toks17
\float@box=\box47
\@float@everytoks=\toks18
\@floatcapt=\box48
)
("C:\Users\Suraj K. Maurya\AppData\Roaming\MiKTeX\tex/latex/fancyref\fancyref.s
ty"
Package: fancyref 1999/02/03 v0.9c Fancy cross-referencing
 ("C:\Program Files\MiKTeX\tex/latex/tools\varioref.sty"
Package: varioref 2020/01/23 v1.6c package for extended references (FMi)
\c@vrcnt=\count190
))
("C:\Users\Suraj K. Maurya\AppData\Roaming\MiKTeX\tex/latex/comment\comment.sty
"
\CommentStream=\write3
 Excluding comment 'comment')
("C:\Users\Suraj K. Maurya\AppData\Roaming\MiKTeX\tex/latex/appendix\appendix.s
ty"
Package: appendix 2020/02/08 v1.2c extra appendix facilities
\c@@pps=\count191
\c@@ppsavesec=\count192
\c@@ppsaveapp=\count193
)
("C:\Users\Suraj K. Maurya\AppData\Roaming\MiKTeX\tex/latex/booktabs\booktabs.s
ty"
Package: booktabs 2020/01/12 v1.61803398 Publication quality tables
\heavyrulewidth=\dimen148
\lightrulewidth=\dimen149
\cmidrulewidth=\dimen150
\belowrulesep=\dimen151
\belowbottomsep=\dimen152
\aboverulesep=\dimen153
\abovetopsep=\dimen154
\cmidrulesep=\dimen155
\cmidrulekern=\dimen156
\defaultaddspace=\dimen157
\@cmidla=\count194
\@cmidlb=\count195
\@aboverulesep=\dimen158
\@belowrulesep=\dimen159
\@thisruleclass=\count196
\@lastruleclass=\count197
\@thisrulewidth=\dimen160
)
("C:\Users\Suraj K. Maurya\AppData\Roaming\MiKTeX\tex/latex/multirow\multirow.s
ty"
Package: multirow 2019/05/31 v2.5 Span multiple rows of a table
\multirow@colwidth=\skip49
\multirow@cntb=\count198
\multirow@dima=\skip50
\bigstrutjot=\dimen161
) ("C:\Users\Suraj K. Maurya\AppData\Roaming\MiKTeX\tex/generic/soul\soul.sty"
Package: soul 2003/11/17 v2.4 letterspacing/underlining (mf)
\SOUL@word=\toks19
\SOUL@lasttoken=\toks20
\SOUL@cmds=\toks21
\SOUL@buffer=\toks22
\SOUL@token=\toks23
\SOUL@spaceskip=\skip51
\SOUL@ttwidth=\dimen162
\SOUL@uldp=\dimen163
\SOUL@ulht=\dimen164
)
("C:\Users\Suraj K. Maurya\AppData\Roaming\MiKTeX\tex/latex/changepage\changepa
ge.sty"
Package: changepage 2009/10/20 v1.0c check page and change page layout
\c@cp@cntr=\count199
\cp@tempcnt=\count266
)
("C:\Users\Suraj K. Maurya\AppData\Roaming\MiKTeX\tex/latex/threeparttable\thre
eparttable.sty"
Package: threeparttable 2003/06/13  v 3.0
\@tempboxb=\box49
) ("C:\Program Files\MiKTeX\tex/latex/l3packages/xfrac\xfrac.sty" ("C:\Program 
Files\MiKTeX\tex/latex/l3kernel\expl3.sty"
Package: expl3 2020-10-27 L3 programming layer (loader) 

("C:\Program Files\MiKTeX\tex/latex/l3backend\l3backend-pdftex.def"
File: l3backend-pdftex.def 2020-09-24 L3 backend support: PDF output (pdfTeX)
\l__kernel_color_stack_int=\count267
\l__pdf_internal_box=\box50
))
("C:\Program Files\MiKTeX\tex/latex/amsmath\amstext.sty"
Package: amstext 2000/06/29 v2.01 AMS text

("C:\Program Files\MiKTeX\tex/latex/amsmath\amsgen.sty"
File: amsgen.sty 1999/11/30 v2.0 generic functions
\@emptytoks=\toks24
\ex@=\dimen165
))
("C:\Program Files\MiKTeX\tex/latex/graphics\graphicx.sty"
Package: graphicx 2020/09/09 v1.2b Enhanced LaTeX Graphics (DPC,SPQR)

("C:\Program Files\MiKTeX\tex/latex/graphics\graphics.sty"
Package: graphics 2020/08/30 v1.4c Standard LaTeX Graphics (DPC,SPQR)

("C:\Program Files\MiKTeX\tex/latex/graphics\trig.sty"
Package: trig 2016/01/03 v1.10 sin cos tan (DPC)
)
("C:\Program Files\MiKTeX\tex/latex/graphics-cfg\graphics.cfg"
File: graphics.cfg 2016/06/04 v1.11 sample graphics configuration
)
Package graphics Info: Driver file: pdftex.def on input line 105.

("C:\Program Files\MiKTeX\tex/latex/graphics-def\pdftex.def"
File: pdftex.def 2020/10/05 v1.2a Graphics/color driver for pdftex
))
\Gin@req@height=\dimen166
\Gin@req@width=\dimen167
)
("C:\Program Files\MiKTeX\tex/latex/l3packages/l3keys2e\l3keys2e.sty"
Package: l3keys2e 2020-10-27 LaTeX2e option processing using LaTeX3 keys
)
("C:\Program Files\MiKTeX\tex/latex/base\textcomp.sty"
Package: textcomp 2020/02/02 v2.0n Standard LaTeX package
)
("C:\Program Files\MiKTeX\tex/latex/l3packages/xparse\xparse.sty"
Package: xparse 2020-10-27 L3 Experimental document command parser

("C:\Program Files\MiKTeX\tex/latex/l3packages/xparse\xparse-generic.tex"))
("C:\Program Files\MiKTeX\tex/latex/l3packages/xtemplate\xtemplate.sty"
Package: xtemplate 2020-10-27 L3 Experimental prototype document functions
\l__xtemplate_tmp_dim=\dimen168
\l__xtemplate_tmp_int=\count268
\l__xtemplate_tmp_muskip=\muskip16
\l__xtemplate_tmp_skip=\skip52
)
Package: xfrac 2020-10-27 L3 Experimental split-level fractions
\l__xfrac_slash_box=\box51
\l__xfrac_tmp_box=\box52
\l__xfrac_denominator_bot_sep_dim=\dimen169
\l__xfrac_numerator_bot_sep_dim=\dimen170
\l__xfrac_numerator_top_sep_dim=\dimen171
\l__xfrac_slash_left_sep_dim=\dimen172
\l__xfrac_slash_right_sep_dim=\dimen173
\l__xfrac_slash_left_muskip=\muskip17
\l__xfrac_slash_right_muskip=\muskip18

Package xtemplate Info: Declaring object type 'xfrac' taking 3 argument(s) on
(xtemplate)             line 80.

)
("C:\Users\Suraj K. Maurya\AppData\Roaming\MiKTeX\tex/latex/enumitem\enumitem.s
ty"
Package: enumitem 2019/06/20 v3.9 Customized lists
\labelindent=\skip53
\enit@outerparindent=\dimen174
\enit@toks=\toks25
\enit@inbox=\box53
\enit@count@id=\count269
\enitdp@description=\count270
)
("C:\Users\Suraj K. Maurya\AppData\Roaming\MiKTeX\tex/latex/setspace\setspace.s
ty"
Package: setspace 2011/12/19 v6.7a set line spacing
) ("C:\Users\Suraj K. Maurya\AppData\Roaming\MiKTeX\tex/latex/cite\cite.sty"
LaTeX Info: Redefining \cite on input line 302.
LaTeX Info: Redefining \nocite on input line 332.
Package: cite 2015/02/27  v 5.5
) ("C:\Program Files\MiKTeX\tex/latex/amsmath\amsmath.sty"
Package: amsmath 2020/09/23 v2.17i AMS math features
\@mathmargin=\skip54

For additional information on amsmath, use the `?' option.
("C:\Program Files\MiKTeX\tex/latex/amsmath\amsbsy.sty"
Package: amsbsy 1999/11/29 v1.2d Bold Symbols
\pmbraise@=\dimen175
)
("C:\Program Files\MiKTeX\tex/latex/amsmath\amsopn.sty"
Package: amsopn 2016/03/08 v2.02 operator names
)
\inf@bad=\count271
LaTeX Info: Redefining \frac on input line 234.
\uproot@=\count272
\leftroot@=\count273
LaTeX Info: Redefining \overline on input line 399.
\classnum@=\count274
\DOTSCASE@=\count275
LaTeX Info: Redefining \ldots on input line 496.
LaTeX Info: Redefining \dots on input line 499.
LaTeX Info: Redefining \cdots on input line 620.
\Mathstrutbox@=\box54
\strutbox@=\box55
\big@size=\dimen176
LaTeX Font Info:    Redeclaring font encoding OML on input line 743.
LaTeX Font Info:    Redeclaring font encoding OMS on input line 744.
\macc@depth=\count276
\c@MaxMatrixCols=\count277
\dotsspace@=\muskip19
\c@parentequation=\count278
\dspbrk@lvl=\count279
\tag@help=\toks26
\row@=\count280
\column@=\count281
\maxfields@=\count282
\andhelp@=\toks27
\eqnshift@=\dimen177
\alignsep@=\dimen178
\tagshift@=\dimen179
\tagwidth@=\dimen180
\totwidth@=\dimen181
\lineht@=\dimen182
\@envbody=\toks28
\multlinegap=\skip55
\multlinetaggap=\skip56
\mathdisplay@stack=\toks29
LaTeX Info: Redefining \[ on input line 2923.
LaTeX Info: Redefining \] on input line 2924.
)
("C:\Users\Suraj K. Maurya\AppData\Roaming\MiKTeX\tex/latex/mathtools\mathtools
.sty"
Package: mathtools 2020/03/24 v1.24 mathematical typesetting tools
 ("C:\Program Files\MiKTeX\tex/latex/tools\calc.sty"
Package: calc 2017/05/25 v4.3 Infix arithmetic (KKT,FJ)
\calc@Acount=\count283
\calc@Bcount=\count284
\calc@Adimen=\dimen183
\calc@Bdimen=\dimen184
\calc@Askip=\skip57
\calc@Bskip=\skip58
LaTeX Info: Redefining \setlength on input line 80.
LaTeX Info: Redefining \addtolength on input line 81.
\calc@Ccount=\count285
\calc@Cskip=\skip59
)
("C:\Users\Suraj K. Maurya\AppData\Roaming\MiKTeX\tex/latex/mathtools\mhsetup.s
ty"
Package: mhsetup 2017/03/31 v1.3 programming setup (MH)
)
LaTeX Info: Thecontrolsequence`\('isalreadyrobust on input line 130.
LaTeX Info: Thecontrolsequence`\)'isalreadyrobust on input line 130.
LaTeX Info: Thecontrolsequence`\['isalreadyrobust on input line 130.
LaTeX Info: Thecontrolsequence`\]'isalreadyrobust on input line 130.
\g_MT_multlinerow_int=\count286
\l_MT_multwidth_dim=\dimen185
\origjot=\skip60
\l_MT_shortvdotswithinadjustabove_dim=\dimen186
\l_MT_shortvdotswithinadjustbelow_dim=\dimen187
\l_MT_above_intertext_sep=\dimen188
\l_MT_below_intertext_sep=\dimen189
\l_MT_above_shortintertext_sep=\dimen190
\l_MT_below_shortintertext_sep=\dimen191
\xmathstrut@box=\box56
\xmathstrut@dim=\dimen192
) ("C:\Program Files\MiKTeX\tex/latex/url\url.sty"
\Urlmuskip=\muskip20
Package: url 2013/09/16  ver 3.4  Verb mode for urls, etc.
)
("C:\Program Files\MiKTeX\tex/latex/base\fontenc.sty"
Package: fontenc 2020/08/10 v2.0s Standard LaTeX package
)
("C:\Users\Suraj K. Maurya\AppData\Roaming\MiKTeX\tex/latex/psnfss\mathptmx.sty
"
Package: mathptmx 2020/03/25 PSNFSS-v9.3 Times w/ Math, improved (SPQR, WaS) 
LaTeX Font Info:    Redeclaring symbol font `operators' on input line 28.
LaTeX Font Info:    Overwriting symbol font `operators' in version `normal'
(Font)                  OT1/cmr/m/n --> OT1/ztmcm/m/n on input line 28.
LaTeX Font Info:    Overwriting symbol font `operators' in version `bold'
(Font)                  OT1/cmr/bx/n --> OT1/ztmcm/m/n on input line 28.
LaTeX Font Info:    Redeclaring symbol font `letters' on input line 29.
LaTeX Font Info:    Overwriting symbol font `letters' in version `normal'
(Font)                  OML/cmm/m/it --> OML/ztmcm/m/it on input line 29.
LaTeX Font Info:    Overwriting symbol font `letters' in version `bold'
(Font)                  OML/cmm/b/it --> OML/ztmcm/m/it on input line 29.
LaTeX Font Info:    Redeclaring symbol font `symbols' on input line 30.
LaTeX Font Info:    Overwriting symbol font `symbols' in version `normal'
(Font)                  OMS/cmsy/m/n --> OMS/ztmcm/m/n on input line 30.
LaTeX Font Info:    Overwriting symbol font `symbols' in version `bold'
(Font)                  OMS/cmsy/b/n --> OMS/ztmcm/m/n on input line 30.
LaTeX Font Info:    Redeclaring symbol font `largesymbols' on input line 31.
LaTeX Font Info:    Overwriting symbol font `largesymbols' in version `normal'
(Font)                  OMX/cmex/m/n --> OMX/ztmcm/m/n on input line 31.
LaTeX Font Info:    Overwriting symbol font `largesymbols' in version `bold'
(Font)                  OMX/cmex/m/n --> OMX/ztmcm/m/n on input line 31.
\symbold=\mathgroup4
\symitalic=\mathgroup5
LaTeX Font Info:    Redeclaring math alphabet \mathbf on input line 34.
LaTeX Font Info:    Overwriting math alphabet `\mathbf' in version `normal'
(Font)                  OT1/cmr/bx/n --> OT1/ptm/bx/n on input line 34.
LaTeX Font Info:    Overwriting math alphabet `\mathbf' in version `bold'
(Font)                  OT1/cmr/bx/n --> OT1/ptm/bx/n on input line 34.
LaTeX Font Info:    Redeclaring math alphabet \mathit on input line 35.
LaTeX Font Info:    Overwriting math alphabet `\mathit' in version `normal'
(Font)                  OT1/cmr/m/it --> OT1/ptm/m/it on input line 35.
LaTeX Font Info:    Overwriting math alphabet `\mathit' in version `bold'
(Font)                  OT1/cmr/bx/it --> OT1/ptm/m/it on input line 35.
LaTeX Info: Redefining \hbar on input line 50.
) ("C:\Users\Suraj K. Maurya\AppData\Roaming\MiKTeX\tex/latex/psnfss\helvet.sty
"
Package: helvet 2020/03/25 PSNFSS-v9.3 (WaS) 
)
("C:\Users\Suraj K. Maurya\AppData\Roaming\MiKTeX\tex/latex/psnfss\courier.sty"
Package: courier 2020/03/25 PSNFSS-v9.3 (WaS) 
) ("C:\Program Files\MiKTeX\tex/latex/base\inputenc.sty"
Package: inputenc 2020/08/01 v1.3d Input encoding file
\inpenc@prehook=\toks30
\inpenc@posthook=\toks31
)
("C:\Users\Suraj K. Maurya\AppData\Roaming\MiKTeX\tex/latex/pdfpages\pdfpages.s
ty"
Package: pdfpages 2020/01/28 v0.5q Insert pages of external PDF documents (AM)
 ("C:\Program Files\MiKTeX\tex/latex/base\ifthen.sty"
Package: ifthen 2014/09/29 v1.1c Standard LaTeX ifthen package (DPC)
)
("C:\Users\Suraj K. Maurya\AppData\Roaming\MiKTeX\tex/latex/eso-pic\eso-pic.sty
"
Package: eso-pic 2020/09/27 v2.0i eso-pic (RN)
 ("C:\Program Files\MiKTeX\tex/latex/base\atbegshi-ltx.sty"
Package: atbegshi-ltx 2020/08/17 v1.0a Emulation of the original atbegshi packa
ge
with kernel methods
)
\ESO@tempdima=\dimen193
\ESO@tempdimb=\dimen194

("C:\Program Files\MiKTeX\tex/latex/xcolor\xcolor.sty"
Package: xcolor 2016/05/11 v2.12 LaTeX color extensions (UK)

("C:\Program Files\MiKTeX\tex/latex/graphics-cfg\color.cfg"
File: color.cfg 2016/01/02 v1.6 sample color configuration
)
Package xcolor Info: Driver file: pdftex.def on input line 225.
Package xcolor Info: Model `cmy' substituted by `cmy0' on input line 1348.
Package xcolor Info: Model `hsb' substituted by `rgb' on input line 1352.
Package xcolor Info: Model `RGB' extended on input line 1364.
Package xcolor Info: Model `HTML' substituted by `rgb' on input line 1366.
Package xcolor Info: Model `Hsb' substituted by `hsb' on input line 1367.
Package xcolor Info: Model `tHsb' substituted by `hsb' on input line 1368.
Package xcolor Info: Model `HSB' substituted by `hsb' on input line 1369.
Package xcolor Info: Model `Gray' substituted by `gray' on input line 1370.
Package xcolor Info: Model `wave' substituted by `hsb' on input line 1371.
))
\AM@pagewidth=\dimen195
\AM@pageheight=\dimen196

("C:\Users\Suraj K. Maurya\AppData\Roaming\MiKTeX\tex/latex/pdfpages\pppdftex.d
ef"
File: pppdftex.def 2020/01/28 v0.5q Pdfpages driver for pdfTeX (AM)
)
\AM@pagebox=\box57
\AM@global@opts=\toks32
\AM@pagecnt=\count287
\AM@toc@title=\toks33
\c@AM@survey=\count288
\AM@templatesizebox=\box58
)
("C:\Users\Suraj K. Maurya\AppData\Roaming\MiKTeX\tex/latex/fancyhdr\fancyhdr.s
ty"
Package: fancyhdr 2019/01/31 v3.10 Extensive control of page headers and footer
s
\f@nch@headwidth=\skip61
\f@nch@O@elh=\skip62
\f@nch@O@erh=\skip63
\f@nch@O@olh=\skip64
\f@nch@O@orh=\skip65
\f@nch@O@elf=\skip66
\f@nch@O@erf=\skip67
\f@nch@O@olf=\skip68
\f@nch@O@orf=\skip69
)
("C:\Users\Suraj K. Maurya\AppData\Roaming\MiKTeX\tex/latex/titlesec\titlesec.s
ty"
Package: titlesec 2019/10/16 v2.13 Sectioning titles
\ttl@box=\box59
\beforetitleunit=\skip70
\aftertitleunit=\skip71
\ttl@plus=\dimen197
\ttl@minus=\dimen198
\ttl@toksa=\toks34
\titlewidth=\dimen199
\titlewidthlast=\dimen256
\titlewidthfirst=\dimen257
) ("C:\Program Files\MiKTeX\tex/latex/xstring\xstring.sty"
("C:\Program Files\MiKTeX\tex/generic/xstring\xstring.tex"
\integerpart=\count289
\decimalpart=\count290
)
Package: xstring 2019/02/06 v1.83 String manipulations (CT)
)
("C:\Users\Suraj K. Maurya\AppData\Roaming\MiKTeX\tex/latex/ieeetrantools\IEEEt
rantools.sty"
Package: IEEEtrantools 2015/08/26 V1.5 by Michael Shell

-- See the "IEEEtrantools_doc.txt" manual for usage information.
-- http://www.michaelshell.org/tex/ieeetran/tools/
\@IEEEtrantmpdimenA=\dimen258
\@IEEEtrantmpdimenB=\dimen259
\@IEEEtrantmpdimenC=\dimen260
\@IEEEtrantmpcountA=\count291
\@IEEEtrantmpcountB=\count292
\@IEEEtrantmpcountC=\count293
\@IEEEtrantmptoksA=\toks35
\IEEEnormaljot=\dimen261
\IEEEquantizedlength=\dimen262
\IEEEquantizedlengthdiff=\dimen263
\IEEEquantizedtextheightdiff=\dimen264
\IEEEilabelindentA=\dimen265
\IEEEilabelindentB=\dimen266
\IEEEilabelindent=\dimen267
\IEEEelabelindent=\dimen268
\IEEEdlabelindent=\dimen269
\IEEElabelindent=\dimen270
\IEEEiednormlabelsep=\dimen271
\IEEEiedmathlabelsep=\dimen272
\IEEEiedtopsep=\skip72
\c@IEEEsubequation=\count294
\@IEEEeqnnumcols=\count295
\@IEEEeqncolcnt=\count296
\@IEEEsubeqnnumrollback=\count297
\IEEEPARstartletwidth=\dimen273
) ("C:\Program Files\MiKTeX\tex/latex/base\fixltx2e.sty"
Package: fixltx2e 2016/12/29 v2.1a fixes to LaTeX (obsolete)
Applying: [2015/01/01] Old fixltx2e package on input line 46.


Package fixltx2e Warning: fixltx2e is not required with releases after 2015
(fixltx2e)                All fixes are now in the LaTeX kernel.
(fixltx2e)                See the latexrelease package for details.

Already applied: [0000/00/00] Old fixltx2e package on input line 53.
)
   defining Unicode char U+0301 (decimal 769)
 ("C:\Program Files\MiKTeX\tex/latex/cellspace\cellspace.sty"
Package: cellspace 2019/03/11 v1.8.1 Spacing table cells (JN)

("C:\Program Files\MiKTeX\tex/latex/tools\array.sty"
Package: array 2019/08/31 v2.4l Tabular extension package (FMi)
\col@sep=\dimen274
\ar@mcellbox=\box60
\extrarowheight=\dimen275
\NC@list=\toks36
\extratabsurround=\skip73
\backup@length=\skip74
\ar@cellbox=\box61
)
("C:\Program Files\MiKTeX\tex/latex/xkeyval\xkeyval.sty"
Package: xkeyval 2014/12/03 v2.7a package option processing (HA)

("C:\Program Files\MiKTeX\tex/generic/xkeyval\xkeyval.tex"
("C:\Program Files\MiKTeX\tex/generic/xkeyval\xkvutils.tex"
\XKV@toks=\toks37
\XKV@tempa@toks=\toks38
)
\XKV@depth=\count298
File: xkeyval.tex 2014/12/03 v2.7a key=value parser (HA)
))
\cellspacetoplimit=\dimen276
\cellspacebottomlimit=\dimen277
\cellspace@firstht=\dimen278
\cellspace@lastdp=\dimen279
)
("C:\Program Files\MiKTeX\tex/latex/makecell\makecell.sty"
Package: makecell 2009/08/03 V0.1e Managing of Tab Column Heads and Cells
\rotheadsize=\dimen280
\c@nlinenum=\count299
\TeXr@lab=\toks39
)
("C:\Users\Suraj K. Maurya\AppData\Roaming\MiKTeX\tex/latex/tocloft\tocloft.sty
"
Package: tocloft 2017/08/31 v2.3i parameterised ToC, etc., typesetting
Package tocloft Info: The document has chapter divisions on input line 51.
\cftparskip=\skip75
\cftbeforetoctitleskip=\skip76
\cftaftertoctitleskip=\skip77
\cftbeforepartskip=\skip78
\cftpartnumwidth=\skip79
\cftpartindent=\skip80
\cftbeforechapskip=\skip81
\cftchapindent=\skip82
\cftchapnumwidth=\skip83
\cftbeforesecskip=\skip84
\cftsecindent=\skip85
\cftsecnumwidth=\skip86
\cftbeforesubsecskip=\skip87
\cftsubsecindent=\skip88
\cftsubsecnumwidth=\skip89
\cftbeforesubsubsecskip=\skip90
\cftsubsubsecindent=\skip91
\cftsubsubsecnumwidth=\skip92
\cftbeforeparaskip=\skip93
\cftparaindent=\skip94
\cftparanumwidth=\skip95
\cftbeforesubparaskip=\skip96
\cftsubparaindent=\skip97
\cftsubparanumwidth=\skip98
\cftbeforeloftitleskip=\skip99
\cftafterloftitleskip=\skip100
\cftbeforefigskip=\skip101
\cftfigindent=\skip102
\cftfignumwidth=\skip103
\c@lofdepth=\count300
\c@lotdepth=\count301
\cftbeforelottitleskip=\skip104
\cftafterlottitleskip=\skip105
\cftbeforetabskip=\skip106
\cfttabindent=\skip107
\cfttabnumwidth=\skip108
)
\enitdp@abbrv=\count302

("C:\Users\Suraj K. Maurya\AppData\Roaming\MiKTeX\tex/latex/caption\caption.sty
"
Package: caption 2020/10/26 v3.5g Customizing captions (AR)

("C:\Users\Suraj K. Maurya\AppData\Roaming\MiKTeX\tex/latex/caption\caption3.st
y"
Package: caption3 2020/10/21 v2.2e caption3 kernel (AR)
\captionmargin=\dimen281
\captionmargin@=\dimen282
\captionwidth=\dimen283
\caption@tempdima=\dimen284
\caption@indent=\dimen285
\caption@parindent=\dimen286
\caption@hangindent=\dimen287
Package caption Info: Standard document class detected.
)
\c@caption@flags=\count303
\c@continuedfloat=\count304
Package caption Info: changepage package is loaded.
\caption@adjustwidth@hsize=\dimen288
\caption@adjustwidth@linewidth=\dimen289
Package caption Info: float package is loaded.
Package caption Info: threeparttable package is loaded.
) ("C:\Program Files\MiKTeX\tex/latex/hyperref\hyperref.sty"
Package: hyperref 2020-05-15 v7.00e Hypertext links for LaTeX

("C:\Users\Suraj K. Maurya\AppData\Roaming\MiKTeX\tex/generic/ltxcmds\ltxcmds.s
ty"
Package: ltxcmds 2020-05-10 v1.25 LaTeX kernel commands for general use (HO)
) ("C:\Program Files\MiKTeX\tex/generic/pdftexcmds\pdftexcmds.sty"
Package: pdftexcmds 2020-06-27 v0.33 Utility functions of pdfTeX for LuaTeX (HO
)

("C:\Users\Suraj K. Maurya\AppData\Roaming\MiKTeX\tex/generic/infwarerr\infware
rr.sty"
Package: infwarerr 2019/12/03 v1.5 Providing info/warning/error messages (HO)
)
Package pdftexcmds Info: \pdf@primitive is available.
Package pdftexcmds Info: \pdf@ifprimitive is available.
Package pdftexcmds Info: \pdfdraftmode found.
)
("C:\Users\Suraj K. Maurya\AppData\Roaming\MiKTeX\tex/generic/kvsetkeys\kvsetke
ys.sty"
Package: kvsetkeys 2019/12/15 v1.18 Key value parser (HO)
)
("C:\Users\Suraj K. Maurya\AppData\Roaming\MiKTeX\tex/generic/kvdefinekeys\kvde
finekeys.sty"
Package: kvdefinekeys 2019-12-19 v1.6 Define keys (HO)
)
("C:\Users\Suraj K. Maurya\AppData\Roaming\MiKTeX\tex/generic/pdfescape\pdfesca
pe.sty"
Package: pdfescape 2019/12/09 v1.15 Implements pdfTeX's escape features (HO)
)
("C:\Users\Suraj K. Maurya\AppData\Roaming\MiKTeX\tex/latex/hycolor\hycolor.sty
"
Package: hycolor 2020-01-27 v1.10 Color options for hyperref/bookmark (HO)
)
("C:\Users\Suraj K. Maurya\AppData\Roaming\MiKTeX\tex/latex/letltxmacro\letltxm
acro.sty"
Package: letltxmacro 2019/12/03 v1.6 Let assignment for LaTeX macros (HO)
)
("C:\Users\Suraj K. Maurya\AppData\Roaming\MiKTeX\tex/latex/auxhook\auxhook.sty
"
Package: auxhook 2019-12-17 v1.6 Hooks for auxiliary files (HO)
)
("C:\Users\Suraj K. Maurya\AppData\Roaming\MiKTeX\tex/latex/kvoptions\kvoptions
.sty"
Package: kvoptions 2019/11/29 v3.13 Key value format for package options (HO)
)
\@linkdim=\dimen290
\Hy@linkcounter=\count305
\Hy@pagecounter=\count306
 ("C:\Program Files\MiKTeX\tex/latex/hyperref\pd1enc.def"
File: pd1enc.def 2020-05-15 v7.00e Hyperref: PDFDocEncoding definition (HO)
Now handling font encoding PD1 ...
... no UTF-8 mapping file for font encoding PD1
)
("C:\Users\Suraj K. Maurya\AppData\Roaming\MiKTeX\tex/generic/intcalc\intcalc.s
ty"
Package: intcalc 2019/12/15 v1.3 Expandable calculations with integers (HO)
)
("C:\Users\Suraj K. Maurya\AppData\Roaming\MiKTeX\tex/generic/etexcmds\etexcmds
.sty"
Package: etexcmds 2019/12/15 v1.7 Avoid name clashes with e-TeX commands (HO)
)
\Hy@SavedSpaceFactor=\count307
Package hyperref Info: Hyper figures OFF on input line 4464.
Package hyperref Info: Link nesting OFF on input line 4469.
Package hyperref Info: Hyper index ON on input line 4472.
Package hyperref Info: Plain pages OFF on input line 4479.
Package hyperref Info: Backreferencing OFF on input line 4484.
Package hyperref Info: Implicit mode ON; LaTeX internals redefined.
Package hyperref Info: Bookmarks ON on input line 4717.
\c@Hy@tempcnt=\count308
LaTeX Info: Redefining \url on input line 5076.
\XeTeXLinkMargin=\dimen291

("C:\Users\Suraj K. Maurya\AppData\Roaming\MiKTeX\tex/generic/bitset\bitset.sty
"
Package: bitset 2019/12/09 v1.3 Handle bit-vector datatype (HO)

("C:\Users\Suraj K. Maurya\AppData\Roaming\MiKTeX\tex/generic/bigintcalc\bigint
calc.sty"
Package: bigintcalc 2019/12/15 v1.5 Expandable calculations on big integers (HO
)
))
\Fld@menulength=\count309
\Field@Width=\dimen292
\Fld@charsize=\dimen293
Package hyperref Info: Hyper figures OFF on input line 6347.
Package hyperref Info: Link nesting OFF on input line 6352.
Package hyperref Info: Hyper index ON on input line 6355.
Package hyperref Info: backreferencing OFF on input line 6362.
Package hyperref Info: Link coloring OFF on input line 6367.
Package hyperref Info: Link coloring with OCG OFF on input line 6372.
Package hyperref Info: PDF/A mode OFF on input line 6377.
LaTeX Info: Redefining \ref on input line 6417.
LaTeX Info: Redefining \pageref on input line 6421.
\Hy@abspage=\count310
\c@Item=\count311
\c@Hfootnote=\count312
)
Package hyperref Info: Driver (autodetected): hpdftex.
 ("C:\Program Files\MiKTeX\tex/latex/hyperref\hpdftex.def"
File: hpdftex.def 2020-05-15 v7.00e Hyperref driver for pdfTeX

("C:\Program Files\MiKTeX\tex/latex/base\atveryend-ltx.sty"
Package: atveryend-ltx 2020/08/19 v1.0a Emulation of the original atvery packag
e
with kernel methods
)
\Fld@listcount=\count313
\c@bookmark@seq@number=\count314

("C:\Users\Suraj K. Maurya\AppData\Roaming\MiKTeX\tex/latex/rerunfilecheck\reru
nfilecheck.sty"
Package: rerunfilecheck 2019/12/05 v1.9 Rerun checks for auxiliary files (HO)

("C:\Users\Suraj K. Maurya\AppData\Roaming\MiKTeX\tex/generic/uniquecounter\uni
quecounter.sty"
Package: uniquecounter 2019/12/15 v1.4 Provide unlimited unique counter (HO)
)
Package uniquecounter Info: New unique counter `rerunfilecheck' on input line 2
86.
)
\Hy@SectionHShift=\skip109
)
("C:\Users\Suraj K. Maurya\AppData\Roaming\MiKTeX\tex/latex/bookmark\bookmark.s
ty"
Package: bookmark 2019/12/03 v1.28 PDF bookmarks (HO)

("C:\Users\Suraj K. Maurya\AppData\Roaming\MiKTeX\tex/latex/bookmark\bkm-pdftex
.def"
File: bkm-pdftex.def 2019/12/03 v1.28 bookmark driver for pdfTeX (HO)
\BKM@id=\count315
))
Package hyperref Info: Option `colorlinks' set `true' on input line 113.


Package hyperref Warning: Option `bookmarks' has already been used,
(hyperref)                setting the option has no effect on input line 113.

LaTeX Font Info:    Trying to load font information for T1+ptm on input line 16
6.
("C:\Users\Suraj K. Maurya\AppData\Roaming\MiKTeX\tex/latex/psnfss\t1ptm.fd"
File: t1ptm.fd 2001/06/04 font definitions for T1/ptm.
)
(mainThesis.aux (contents.aux) (Abbreviations.aux) (chapter1.aux) (chapter2.aux
) (chapter3.aux) (chapter4.aux) (chapter5.aux) (conclusion.aux) (outlook.aux)
(appendix_A.aux) (appendix_B.aux) (biblio.aux) (declaration.aux))
\openout1 = `mainThesis.aux'.

LaTeX Font Info:    Checking defaults for OML/cmm/m/it on input line 166.
LaTeX Font Info:    ... okay on input line 166.
LaTeX Font Info:    Checking defaults for OMS/cmsy/m/n on input line 166.
LaTeX Font Info:    ... okay on input line 166.
LaTeX Font Info:    Checking defaults for OT1/cmr/m/n on input line 166.
LaTeX Font Info:    ... okay on input line 166.
LaTeX Font Info:    Checking defaults for T1/cmr/m/n on input line 166.
LaTeX Font Info:    ... okay on input line 166.
LaTeX Font Info:    Checking defaults for TS1/cmr/m/n on input line 166.
LaTeX Font Info:    ... okay on input line 166.
LaTeX Font Info:    Checking defaults for OMX/cmex/m/n on input line 166.
LaTeX Font Info:    ... okay on input line 166.
LaTeX Font Info:    Checking defaults for U/cmr/m/n on input line 166.
LaTeX Font Info:    ... okay on input line 166.
LaTeX Font Info:    Checking defaults for PD1/pdf/m/n on input line 166.
LaTeX Font Info:    ... okay on input line 166.

*geometry* driver: auto-detecting
*geometry* detected driver: pdftex
*geometry* verbose mode - [ preamble ] result:
* driver: pdftex
* paper: <default>
* layout: <same size as paper>
* layoutoffset:(h,v)=(0.0pt,0.0pt)
* modes: twoside 
* h-part:(L,W,R)=(85.35826pt, 457.80486pt, 71.13188pt)
* v-part:(T,H,B)=(71.13188pt, 652.70622pt, 71.13188pt)
* \paperwidth=614.295pt
* \paperheight=794.96999pt
* \textwidth=457.80486pt
* \textheight=652.70622pt
* \oddsidemargin=13.08827pt
* \evensidemargin=-1.1381pt
* \topmargin=-38.1381pt
* \headheight=12.0pt
* \headsep=25.0pt
* \topskip=11.0pt
* \footskip=30.0pt
* \marginparwidth=113.0pt
* \marginparsep=10.0pt
* \columnsep=10.0pt
* \skip\footins=10.0pt plus 4.0pt minus 2.0pt
* \hoffset=0.0pt
* \voffset=0.0pt
* \mag=1000
* \@twocolumnfalse
* \@twosidetrue
* \@mparswitchtrue
* \@reversemarginfalse
* (1in=72.27pt=25.4mm, 1cm=28.453pt)

("C:\Program Files\MiKTeX\tex/context/base/mkii\supp-pdf.mkii"
[Loading MPS to PDF converter (version 2006.09.02).]
\scratchcounter=\count316
\scratchdimen=\dimen294
\scratchbox=\box62
\nofMPsegments=\count317
\nofMParguments=\count318
\everyMPshowfont=\toks40
\MPscratchCnt=\count319
\MPscratchDim=\dimen295
\MPnumerator=\count320
\makeMPintoPDFobject=\count321
\everyMPtoPDFconversion=\toks41
) ("C:\Program Files\MiKTeX\tex/latex/epstopdf-pkg\epstopdf-base.sty"
Package: epstopdf-base 2020-01-24 v2.11 Base part for package epstopdf
Package epstopdf-base Info: Redefining graphics rule for `.eps' on input line 4
85.
)
("C:\Users\Suraj K. Maurya\AppData\Roaming\MiKTeX\tex/latex/pdflscape\pdflscape
.sty"
Package: pdflscape 2019/12/05 v0.12 Display of landscape pages in PDF (HO)
 ("C:\Program Files\MiKTeX\tex/latex/graphics\lscape.sty"
Package: lscape 2020/05/28 v3.02 Landscape Pages (DPC)
)
Package pdflscape Info: Auto-detected driver: pdftex on input line 81.
)
Package caption Info: Begin \AtBeginDocument code.
Package caption Info: hyperref package is loaded.
Package caption Info: End \AtBeginDocument code.
Package hyperref Info: Link coloring ON on input line 166.

("C:\Program Files\MiKTeX\tex/latex/hyperref\nameref.sty"
Package: nameref 2019/09/16 v2.46 Cross-referencing by name of section

("C:\Users\Suraj K. Maurya\AppData\Roaming\MiKTeX\tex/latex/refcount\refcount.s
ty"
Package: refcount 2019/12/15 v3.6 Data extraction from label references (HO)
)
("C:\Users\Suraj K. Maurya\AppData\Roaming\MiKTeX\tex/generic/gettitlestring\ge
ttitlestring.sty"
Package: gettitlestring 2019/12/15 v1.6 Cleanup title references (HO)
)
\c@section@level=\count322
LaTeX Info: Redefining \Ref on input line 520.
)
LaTeX Info: Redefining \ref on input line 166.
LaTeX Info: Redefining \pageref on input line 166.
LaTeX Info: Redefining \nameref on input line 166.
LaTeX Info: Redefining \Ref on input line 166.
 (./frontMatter.tex
*geometry* verbose mode - [ newgeometry ] result:
* driver: pdftex
* paper: <default>
* layout: <same size as paper>
* layoutoffset:(h,v)=(0.0pt,0.0pt)
* modes: twoside 
* h-part:(L,W,R)=(85.35826pt, 500.484pt, 28.45274pt)
* v-part:(T,H,B)=(113.81102pt, 652.70622pt, 28.45274pt)
* \paperwidth=614.295pt
* \paperheight=794.96999pt
* \textwidth=500.484pt
* \textheight=652.70622pt
* \oddsidemargin=13.08827pt
* \evensidemargin=-43.81725pt
* \topmargin=4.54103pt
* \headheight=12.0pt
* \headsep=25.0pt
* \topskip=11.0pt
* \footskip=30.0pt
* \marginparwidth=113.0pt
* \marginparsep=10.0pt
* \columnsep=10.0pt
* \skip\footins=10.0pt plus 4.0pt minus 2.0pt
* \hoffset=0.0pt
* \voffset=0.0pt
* \mag=1000
* \@twocolumnfalse
* \@twosidetrue
* \@mparswitchtrue
* \@reversemarginfalse
* (1in=72.27pt=25.4mm, 1cm=28.453pt)

 [1


{C:/Users/Suraj K. Maurya/AppData/Local/MiKTeX/pdftex/config/pdftex.map}] [2] (
abstract.tex) [1

]
(acknowledgements.tex) [2

])
\openout2 = `contents.aux'.

 (contents.tex (mainThesis.toc
LaTeX Font Info:    Trying to load font information for OT1+ztmcm on input line
 4.

("C:\Users\Suraj K. Maurya\AppData\Roaming\MiKTeX\tex/latex/psnfss\ot1ztmcm.fd"
File: ot1ztmcm.fd 2000/01/03 Fontinst v1.801 font definitions for OT1/ztmcm.
)
LaTeX Font Info:    Trying to load font information for OML+ztmcm on input line
 4.
 ("C:\Users\Suraj K. Maurya\AppData\Roaming\MiKTeX\tex/latex/psnfss\omlztmcm.fd
"
File: omlztmcm.fd 2000/01/03 Fontinst v1.801 font definitions for OML/ztmcm.
)
LaTeX Font Info:    Trying to load font information for OMS+ztmcm on input line
 4.

("C:\Users\Suraj K. Maurya\AppData\Roaming\MiKTeX\tex/latex/psnfss\omsztmcm.fd"
File: omsztmcm.fd 2000/01/03 Fontinst v1.801 font definitions for OMS/ztmcm.
)
LaTeX Font Info:    Trying to load font information for OMX+ztmcm on input line
 4.
 ("C:\Users\Suraj K. Maurya\AppData\Roaming\MiKTeX\tex/latex/psnfss\omxztmcm.fd
"
File: omxztmcm.fd 2000/01/03 Fontinst v1.801 font definitions for OMX/ztmcm.
)
LaTeX Font Info:    Trying to load font information for OT1+ptm on input line 4
.
 ("C:\Users\Suraj K. Maurya\AppData\Roaming\MiKTeX\tex/latex/psnfss\ot1ptm.fd"
File: ot1ptm.fd 2001/06/04 font definitions for OT1/ptm.
)
LaTeX Font Info:    Font shape `OT1/ptm/bx/n' in size <10.95> not available
(Font)              Font shape `OT1/ptm/b/n' tried instead on input line 4.
LaTeX Font Info:    Font shape `OT1/ptm/bx/n' in size <8> not available
(Font)              Font shape `OT1/ptm/b/n' tried instead on input line 4.
LaTeX Font Info:    Font shape `OT1/ptm/bx/n' in size <6> not available
(Font)              Font shape `OT1/ptm/b/n' tried instead on input line 4.
)
\tf@toc=\write4
\openout4 = `mainThesis.toc'.

 [3


] [4

] (mainThesis.lof)
\tf@lof=\write5
\openout5 = `mainThesis.lof'.

 [5] [6

] (mainThesis.lot)
\tf@lot=\write6
\openout6 = `mainThesis.lot'.

 [7] [8

])
\openout2 = `Abbreviations.aux'.


(Abbreviations.tex [9




] [10

])
\openout2 = `chapter1.aux'.

 (chapter1.tex
Chapter 1.
)pdfTeX warning (ext4): destination with the same identifier (name{page.1}) has
 been already used, duplicate ignored
<to be read again> 
                   \relax 
l.242 \include{chapter1}
                         [1




]
\openout2 = `chapter2.aux'.

 (chapter2.tex
Chapter 2.
)pdfTeX warning (ext4): destination with the same identifier (name{page.2}) has
 been already used, duplicate ignored
<to be read again> 
                   \relax 
l.244 \include{chapter2}
                         [2




]
\openout2 = `chapter3.aux'.

 (chapter3.tex
Chapter 3.
) [3




]
\openout2 = `chapter4.aux'.

 (chapter4.tex
Chapter 4.
) [4




]
\openout2 = `chapter5.aux'.

 (chapter5.tex
Chapter 5.
) [5




]
\openout2 = `conclusion.aux'.

 (conclusion.tex
Chapter 6.
) [6




]
\openout2 = `outlook.aux'.

 (outlook.tex
Chapter 7.
) [7




]
\openout2 = `appendix_A.aux'.

 (appendix_A.tex
Appendix 1.
[8




] [9]) [10]
\openout2 = `appendix_B.aux'.

 (appendix_B.tex
Appendix 2.
) [11




]
\openout2 = `biblio.aux'.

 (biblio.tex (mainThesis.bbl) [12




]) (./endMatter.tex [13




] [14]

pdfTeX warning: pdflatex.exe (file ./CV.pdf): PDF inclusion: found PDF version 
<1.7>, but at most version <1.5> allowed
<./CV.pdf, id=158, 613.29124pt x 794.97pt>
File: ./CV.pdf Graphic file (type pdf)
<use ./CV.pdf>
Package pdftex.def Info: ./CV.pdf  used on input line 9.
(pdftex.def)             Requested size: 613.28973pt x 794.96806pt.


pdfTeX warning: pdflatex.exe (file ./CV.pdf): PDF inclusion: found PDF version 
<1.7>, but at most version <1.5> allowed
File: ./CV.pdf Graphic file (type pdf)
<use ./CV.pdf>
Package pdftex.def Info: ./CV.pdf  used on input line 9.
(pdftex.def)             Requested size: 613.28973pt x 794.96806pt.


pdfTeX warning: pdflatex.exe (file ./CV.pdf): PDF inclusion: found PDF version 
<1.7>, but at most version <1.5> allowed


pdfTeX warning: pdflatex.exe (file ./CV.pdf): PDF inclusion: found PDF version 
<1.7>, but at most version <1.5> allowed
<./CV.pdf, id=161, page=1, 613.29124pt x 794.97pt>
File: ./CV.pdf Graphic file (type pdf)
<use ./CV.pdf, page 1>
Package pdftex.def Info: ./CV.pdf , page1 used on input line 9.
(pdftex.def)             Requested size: 613.28973pt x 794.96806pt.
File: ./CV.pdf Graphic file (type pdf)
<use ./CV.pdf, page 1>
Package pdftex.def Info: ./CV.pdf , page1 used on input line 9.
(pdftex.def)             Requested size: 614.03838pt x 795.93848pt.
File: ./CV.pdf Graphic file (type pdf)
<use ./CV.pdf, page 1>
Package pdftex.def Info: ./CV.pdf , page1 used on input line 9.
(pdftex.def)             Requested size: 614.03838pt x 795.93848pt.
File: ./CV.pdf Graphic file (type pdf)
<use ./CV.pdf, page 1>
Package pdftex.def Info: ./CV.pdf , page1 used on input line 9.
(pdftex.def)             Requested size: 614.03838pt x 795.93848pt.
File: ./CV.pdf Graphic file (type pdf)
<use ./CV.pdf, page 1>
Package pdftex.def Info: ./CV.pdf , page1 used on input line 9.
(pdftex.def)             Requested size: 614.03838pt x 795.93848pt.
[15 <./CV.pdf>] [16

] (Publication.tex) Excluding 'comment' comment. [17]
\openout2 = `declaration.aux'.


(declaration.tex
Underfull \hbox (badness 10000) in paragraph at lines 10--14

 []


Underfull \hbox (badness 10000) in paragraph at lines 17--19

 []

[18

] [19])) (mainThesis.aux (contents.aux) (Abbreviations.aux) (chapter1.aux)
(chapter2.aux) (chapter3.aux) (chapter4.aux) (chapter5.aux) (conclusion.aux)
(outlook.aux) (appendix_A.aux) (appendix_B.aux) (biblio.aux) (declaration.aux))
 ) 
Here is how much of TeX's memory you used:
 14303 strings out of 479799
 231385 string characters out of 2879494
 586245 words of memory out of 3000000
 30796 multiletter control sequences out of 15000+200000
 574606 words of font info for 71 fonts, out of 3000000 for 9000
 1141 hyphenation exceptions out of 8191
 80i,17n,115p,512b,546s stack positions out of 5000i,500n,10000p,200000b,50000s
{C:/Program Files/MiKTeX/fonts/enc/dvips/base/8r.enc}<C:/Program Files/MiKTeX
/fonts/type1/urw/times/utmb8a.pfb><C:/Program Files/MiKTeX/fonts/type1/urw/time
s/utmr8a.pfb><C:/Program Files/MiKTeX/fonts/type1/urw/times/utmri8a.pfb>
Output written on mainThesis.pdf (31 pages, 282066 bytes).
PDF statistics:
 298 PDF objects out of 1000 (max. 8388607)
 246 compressed objects within 3 object streams
 55 named destinations out of 1000 (max. 500000)
 173 words of extra memory for PDF output out of 10000 (max. 10000000)

